2025-05-16 15:46:32,460 - ContactScraper - INFO - Logging to file: scraper_logs\scraper_20250516_154632_manual.log
2025-05-16 15:46:32,460 - ContactScraper - INFO - Configured 149 excluded domains for ethical scraping
2025-05-16 15:46:32,497 - ContactScraper - INFO - Using fake-useragent for more realistic user agents
2025-05-16 15:46:34,689 - ContactScraper - INFO - Starting scrape for keyword: 'IT companies Bhopal'
2025-05-16 15:47:06,259 - ContactScraper - INFO - Saved CAPTCHA check screenshot to captcha_check.png
2025-05-16 15:47:06,259 - ContactScraper - WARNING - CAPTCHA/anti-bot likely - URL contains 'sorry/index'
2025-05-16 15:52:11,308 - ContactScraper - INFO - Using browser automation for DuckDuckGo search
2025-05-16 15:52:11,312 - ContactScraper - WARNING - Browser-based DuckDuckGo search failed: 'ContactScraper' object has no attribute '_search_duckduckgo_with_browser', falling back to regular search
2025-05-16 15:52:11,334 - ContactScraper - INFO - Waiting 1.06 seconds before requesting https://html.duckduckgo.com/html/?q=IT%20companies%20Bhopal
2025-05-16 15:52:15,350 - ContactScraper - INFO - Reached maximum runtime of 5 minutes
2025-05-16 15:52:15,350 - ContactScraper - INFO - Scraping completed: found 0 emails and 0 phones
2025-05-16 15:52:15,351 - ContactScraper - INFO - Results saved to scraped_data/IT_companies_Bhopal_20250516_155215_contacts.csv
2025-05-16 15:52:15,352 - ContactScraper - INFO - Closing browser page...
2025-05-16 15:52:15,355 - ContactScraper - WARNING - Error closing page: Page.close: The future belongs to a different loop than the one specified as the loop argument
2025-05-16 15:52:15,355 - ContactScraper - INFO - Closing browser context...
2025-05-16 15:52:15,360 - ContactScraper - WARNING - Error closing browser context: : The future belongs to a different loop than the one specified as the loop argument
2025-05-16 15:52:15,360 - ContactScraper - INFO - Closing browser...
2025-05-16 15:52:15,364 - ContactScraper - WARNING - Error closing browser: Browser.close: The future belongs to a different loop than the one specified as the loop argument
2025-05-16 15:52:15,364 - ContactScraper - INFO - Stopping playwright...
2025-05-16 15:52:15,365 - ContactScraper - WARNING - Error stopping playwright: Task <Task pending name='Task-6' coro=<ContactScraper.close_browser() running at C:\Users\hp5cd\OneDrive\Desktop\1matrix\1matrix\data_miner\web_scrapper.py:1445> cb=[_run_until_complete_cb() at C:\Users\hp5cd\AppData\Local\Programs\Python\Python310\lib\asyncio\base_events.py:184, <2 more>, ProtocolCallback.__init__.<locals>.cb() at C:\Users\hp5cd\Envs\one\lib\site-packages\playwright\_impl\_connection.py:198]> got Future <Future pending> attached to a different loop
2025-05-16 15:52:15,366 - ContactScraper - INFO - Browser resources cleanup completed
