2025-05-16 16:41:09,451 - ContactScraper - INFO - Logging to file: scraper_logs\scraper_20250516_164109_manual.log
2025-05-16 16:41:09,451 - ContactScraper - INFO - Configured 149 excluded domains for ethical scraping
2025-05-16 16:41:09,551 - ContactScraper - INFO - Using fake-useragent for more realistic user agents
2025-05-16 16:41:24,512 - ContactScraper - INFO - Starting scrape for keyword: 'haldi'
2025-05-16 16:41:27,955 - ContactScraper - ERROR - Error parsing HTML for CAPTCHA detection: list index out of range
2025-05-16 16:41:27,963 - ContactScraper - INFO - Rate limiting domain google.com. Waiting 20.92 seconds
2025-05-16 16:41:57,280 - ContactScraper - INFO - Closing browser page...
2025-05-16 16:41:57,313 - ContactScraper - INFO - Closing browser context...
2025-05-16 16:41:57,371 - ContactScraper - INFO - Closing browser...
2025-05-16 16:41:57,470 - ContactScraper - INFO - Stopping playwright...
2025-05-16 16:41:57,487 - ContactScraper - INFO - Browser resources cleanup completed
2025-05-16 16:41:58,638 - ContactScraper - ERROR - Error parsing HTML for CAPTCHA detection: list index out of range
2025-05-16 16:41:58,642 - ContactScraper - INFO - Rate limiting domain google.com. Waiting 23.29 seconds
2025-05-16 16:42:29,420 - ContactScraper - INFO - Closing browser page...
2025-05-16 16:42:29,436 - ContactScraper - INFO - Closing browser context...
2025-05-16 16:42:29,466 - ContactScraper - INFO - Closing browser...
2025-05-16 16:42:29,545 - ContactScraper - INFO - Stopping playwright...
2025-05-16 16:42:29,563 - ContactScraper - INFO - Browser resources cleanup completed
2025-05-16 16:42:31,997 - ContactScraper - ERROR - Error parsing HTML for CAPTCHA detection: list index out of range
2025-05-16 16:42:31,997 - ContactScraper - INFO - Rate limiting domain google.com. Waiting 19.81 seconds
2025-05-16 16:43:23,103 - ContactScraper - INFO - Saved CAPTCHA check screenshot to captcha_check.png
2025-05-16 16:43:23,104 - ContactScraper - WARNING - CAPTCHA/anti-bot likely - URL contains 'sorry/index'
2025-05-16 16:46:30,123 - ContactScraper - INFO - Scraping completed: found 0 emails and 0 phones
2025-05-16 16:46:30,126 - ContactScraper - INFO - Results saved to scraped_data/haldi_20250516_164630_contacts.csv
2025-05-16 16:46:30,136 - ContactScraper - INFO - Closing browser page...
2025-05-16 16:46:30,150 - ContactScraper - WARNING - Error closing page: Page.close: The future belongs to a different loop than the one specified as the loop argument
2025-05-16 16:46:30,151 - ContactScraper - INFO - Closing browser context...
2025-05-16 16:46:30,162 - ContactScraper - WARNING - Error closing browser context: : The future belongs to a different loop than the one specified as the loop argument
2025-05-16 16:46:30,163 - ContactScraper - INFO - Closing browser...
2025-05-16 16:46:30,175 - ContactScraper - WARNING - Error closing browser: Browser.close: The future belongs to a different loop than the one specified as the loop argument
2025-05-16 16:46:30,176 - ContactScraper - INFO - Stopping playwright...
2025-05-16 16:46:30,177 - ContactScraper - WARNING - Error stopping playwright: Task <Task pending name='Task-19' coro=<ContactScraper.close_browser() running at c:\Users\hp5cd\OneDrive\Desktop\1matrix\1matrix\data_miner\web_scrapper.py:1445> cb=[_run_until_complete_cb() at C:\Users\hp5cd\AppData\Local\Programs\Python\Python310\lib\asyncio\base_events.py:184, <2 more>, ProtocolCallback.__init__.<locals>.cb() at C:\Users\hp5cd\Envs\one\lib\site-packages\playwright\_impl\_connection.py:198]> got Future <Future pending> attached to a different loop
2025-05-16 16:46:30,179 - ContactScraper - INFO - Browser resources cleanup completed
